-------------------------------------------------------------------------------
Test set: TestSuite
-------------------------------------------------------------------------------
Tests run: 3, Failures: 3, Errors: 0, Skipped: 0, Time elapsed: 1.313 s <<< FAILURE! - in TestSuite
runScenario(CucumberOptions.TestNGRunner$TestNgRunner)  Time elapsed: 0.14 s  <<< FAILURE!
org.picocontainer.injectors.AbstractInjector$UnsatisfiableDependenciesException: Utils.TestSetup has unsatisfied dependency 'interface org.openqa.selenium.WebDriver' for constructor 'public Utils.TestSetup(org.openqa.selenium.WebDriver) throws java.lang.Throwable' from org.picocontainer.DefaultPicoContainer@2dbe250d:3<|

runScenario(CucumberOptions.TestNGRunner$TestNgRunner)  Time elapsed: 0.01 s  <<< FAILURE!
org.picocontainer.injectors.AbstractInjector$UnsatisfiableDependenciesException: Utils.TestSetup has unsatisfied dependency 'interface org.openqa.selenium.WebDriver' for constructor 'public Utils.TestSetup(org.openqa.selenium.WebDriver) throws java.lang.Throwable' from org.picocontainer.DefaultPicoContainer@7c56e013:3<|

runScenario(CucumberOptions.TestNGRunner$TestNgRunner)  Time elapsed: 0.006 s  <<< FAILURE!
org.picocontainer.injectors.AbstractInjector$UnsatisfiableDependenciesException: Utils.TestSetup has unsatisfied dependency 'interface org.openqa.selenium.WebDriver' for constructor 'public Utils.TestSetup(org.openqa.selenium.WebDriver) throws java.lang.Throwable' from org.picocontainer.DefaultPicoContainer@6a66a204:3<|

